[debug] [2023-08-27T22:39:55.496Z] ----------------------------------------------------------------------
[debug] [2023-08-27T22:39:55.497Z] Command:       C:\Program Files\nodejs\node.exe C:\Users\mixel\AppData\Roaming\npm\node_modules\firebase-tools\lib\bin\firebase.js deploy
[debug] [2023-08-27T22:39:55.498Z] CLI Version:   12.5.2
[debug] [2023-08-27T22:39:55.498Z] Platform:      win32
[debug] [2023-08-27T22:39:55.498Z] Node Version:  v18.16.1
[debug] [2023-08-27T22:39:55.498Z] Time:          Mon Aug 28 2023 02:39:55 GMT+0400 (Georgia Standard Time)
[debug] [2023-08-27T22:39:55.499Z] ----------------------------------------------------------------------
[debug] 
[debug] [2023-08-27T22:39:55.539Z] Field ".hosting" in "firebase.json" is possibly invalid: should be object
[debug] [2023-08-27T22:39:55.539Z] Object ".hosting[0]" in "firebase.json" is missing required property: {"missingProperty":"target"}
[debug] [2023-08-27T22:39:55.539Z] Object ".hosting[0]" in "firebase.json" is missing required property: {"missingProperty":"site"}
[debug] [2023-08-27T22:39:55.540Z] Field ".hosting[0]" in "firebase.json" is possibly invalid: should match some schema in anyOf
[debug] [2023-08-27T22:39:55.540Z] Field ".hosting" in "firebase.json" is possibly invalid: should match some schema in anyOf
[debug] [2023-08-27T22:39:55.542Z] > command requires scopes: ["email","openid","https://www.googleapis.com/auth/cloudplatformprojects.readonly","https://www.googleapis.com/auth/firebase","https://www.googleapis.com/auth/cloud-platform"]
[debug] [2023-08-27T22:39:55.545Z] > authorizing via signed-in user (mixelidzet@gmail.com)
[debug] [2023-08-27T22:39:55.545Z] [iam] checking project portfolio-10g for permissions ["datastore.indexes.create","datastore.indexes.delete","datastore.indexes.list","datastore.indexes.update","firebase.projects.get","firebasehosting.sites.update"]
[debug] [2023-08-27T22:39:55.547Z] >>> [apiv2][query] POST https://cloudresourcemanager.googleapis.com/v1/projects/portfolio-10g:testIamPermissions [none]
[debug] [2023-08-27T22:39:55.547Z] >>> [apiv2][(partial)header] POST https://cloudresourcemanager.googleapis.com/v1/projects/portfolio-10g:testIamPermissions x-goog-quota-user=projects/portfolio-10g
[debug] [2023-08-27T22:39:55.547Z] >>> [apiv2][body] POST https://cloudresourcemanager.googleapis.com/v1/projects/portfolio-10g:testIamPermissions {"permissions":["datastore.indexes.create","datastore.indexes.delete","datastore.indexes.list","datastore.indexes.update","firebase.projects.get","firebasehosting.sites.update"]}
[debug] [2023-08-27T22:39:56.515Z] <<< [apiv2][status] POST https://cloudresourcemanager.googleapis.com/v1/projects/portfolio-10g:testIamPermissions 200
[debug] [2023-08-27T22:39:56.515Z] <<< [apiv2][body] POST https://cloudresourcemanager.googleapis.com/v1/projects/portfolio-10g:testIamPermissions {"permissions":["datastore.indexes.create","datastore.indexes.delete","datastore.indexes.list","datastore.indexes.update","firebase.projects.get","firebasehosting.sites.update"]}
[debug] [2023-08-27T22:39:56.516Z] >>> [apiv2][query] GET https://firebase.googleapis.com/v1beta1/projects/portfolio-10g [none]
[debug] [2023-08-27T22:39:56.900Z] <<< [apiv2][status] GET https://firebase.googleapis.com/v1beta1/projects/portfolio-10g 200
[debug] [2023-08-27T22:39:56.900Z] <<< [apiv2][body] GET https://firebase.googleapis.com/v1beta1/projects/portfolio-10g {"projectId":"portfolio-10g","projectNumber":"51483704937","displayName":"portfolio-10gg","name":"projects/portfolio-10g","resources":{"hostingSite":"portfolio-10g","storageBucket":"portfolio-10g.appspot.com","locationId":"europe-central2"},"state":"ACTIVE","etag":"1_7d7e5755-f337-43c9-a0a0-4d62d8239b14"}
[error] 
[error] Error: Assertion failed: resolving hosting target of a site with no site name or target name. This should have caused an error earlier
